Arguments: 
  /usr/local/bin/node /usr/share/yarn/bin/yarn.js

PATH: 
  /usr/local/sbin:/usr/local/bin:/usr/sbin:/usr/bin:/sbin:/bin:/usr/games:/usr/local/games:/usr/lib/wsl/lib:/mnt/c/Python310/Scripts/:/mnt/c/Python310/:/mnt/c/Program Files/Common Files/Oracle/Java/javapath:/mnt/c/WINDOWS/system32:/mnt/c/WINDOWS:/mnt/c/WINDOWS/System32/Wbem:/mnt/c/WINDOWS/System32/WindowsPowerShell/v1.0/:/mnt/c/WINDOWS/System32/OpenSSH/:/mnt/c/Program Files/VisualSVN Server/bin:/mnt/c/Program Files/PuTTY/:/mnt/c/Program Files/Git/cmd:/mnt/c/Program Files/nodejs/:/mnt/c/ProgramData/chocolatey/bin:/mnt/c/Users/xinji/AppData/Local/Microsoft/WindowsApps:/mnt/c/Users/xinji/AppData/Local/Programs/Microsoft VS Code/bin:/mnt/c/sqlite3:/mnt/c/Users/xinji/AppData/Roaming/npm:/snap/bin

Yarn version: 
  1.22.18

Node version: 
  16.15.0

Platform: 
  linux x64

Trace: 
  SyntaxError: /home/ayingtao11/.cache/yarn/v6/npm-yallist-4.0.0-9bb92790d9c0effec63be73519e11a35019a3a72-integrity/node_modules/yallist/.yarn-metadata.json: Unexpected end of JSON input
      at JSON.parse (<anonymous>)
      at /usr/share/yarn/lib/cli.js:1625:59
      at Generator.next (<anonymous>)
      at step (/usr/share/yarn/lib/cli.js:310:30)
      at /usr/share/yarn/lib/cli.js:321:13

npm manifest: 
  {
    "name": "web_lab5",
    "version": "1.0.0",
    "description": "lab5",
    "main": "server.js",
    "scripts": {
      "client": "cd lab && yarn start",
      "server": "nodemon server.js",
      "dev": "concurrently --kill-others-on-fail \"yarn server\" \"yarn client\""
    },
    "repository": {
      "type": "git",
      "url": "git+https://github.com/ayingtao11/web_lab5.git"
    },
    "author": "me",
    "license": "ISC",
    "bugs": {
      "url": "https://github.com/ayingtao11/web_lab5/issues"
    },
    "homepage": "https://github.com/ayingtao11/web_lab5#readme",
    "dependencies": {
      "md5": "^2.3.0",
      "sqlite3": "^5.0.8"
    }
  }

yarn manifest: 
  No manifest

Lockfile: 
  No lockfile
